WARNING 2026-02-19 21:17:35,545 log Not Found: /
WARNING 2026-02-19 21:17:35,545 basehttp "GET / HTTP/1.1" 404 3792
WARNING 2026-02-19 21:17:35,706 log Not Found: /favicon.ico
WARNING 2026-02-19 21:17:35,706 basehttp "GET /favicon.ico HTTP/1.1" 404 3843
ERROR 2026-02-19 21:20:47,938 log Internal Server Error: /auth/login/
Traceback (most recent call last):
  File "C:\Users\admin\OneDrive\Desktop\FC ESPAD SITE\futsal_club_project\venv\Lib\site-packages\django\core\handlers\exception.py", line 55, in inner
    response = get_response(request)
  File "C:\Users\admin\OneDrive\Desktop\FC ESPAD SITE\futsal_club_project\venv\Lib\site-packages\django\core\handlers\base.py", line 197, in _get_response
    response = wrapped_callback(request, *callback_args, **callback_kwargs)
  File "C:\Users\admin\OneDrive\Desktop\FC ESPAD SITE\futsal_club_project\venv\Lib\site-packages\django\views\generic\base.py", line 104, in view
    return self.dispatch(request, *args, **kwargs)
           ~~~~~~~~~~~~~^^^^^^^^^^^^^^^^^^^^^^^^^^
  File "C:\Users\admin\OneDrive\Desktop\FC ESPAD SITE\futsal_club_project\venv\Lib\site-packages\django\views\generic\base.py", line 143, in dispatch
    return handler(request, *args, **kwargs)
  File "C:\Users\admin\OneDrive\Desktop\FC ESPAD SITE\futsal_club_project\futsal_club\views\auth_views.py", line 24, in get
    return render(request, self.template_name, {"next": request.GET.get("next", "")})
  File "C:\Users\admin\OneDrive\Desktop\FC ESPAD SITE\futsal_club_project\venv\Lib\site-packages\django\shortcuts.py", line 24, in render
    content = loader.render_to_string(template_name, context, request, using=using)
  File "C:\Users\admin\OneDrive\Desktop\FC ESPAD SITE\futsal_club_project\venv\Lib\site-packages\django\template\loader.py", line 62, in render_to_string
    return template.render(context, request)
           ~~~~~~~~~~~~~~~^^^^^^^^^^^^^^^^^^
  File "C:\Users\admin\OneDrive\Desktop\FC ESPAD SITE\futsal_club_project\venv\Lib\site-packages\django\template\backends\django.py", line 61, in render
    return self.template.render(context)
           ~~~~~~~~~~~~~~~~~~~~^^^^^^^^^
  File "C:\Users\admin\OneDrive\Desktop\FC ESPAD SITE\futsal_club_project\venv\Lib\site-packages\django\template\base.py", line 173, in render
    with context.bind_template(self):
         ~~~~~~~~~~~~~~~~~~~~~^^^^^^
  File "C:\Users\admin\AppData\Local\Programs\Python\Python313\Lib\contextlib.py", line 141, in __enter__
    return next(self.gen)
  File "C:\Users\admin\OneDrive\Desktop\FC ESPAD SITE\futsal_club_project\venv\Lib\site-packages\django\template\context.py", line 251, in bind_template
    processors = template.engine.template_context_processors + self._processors
                 ^^^^^^^^^^^^^^^^^^^^^^^^^^^^^^^^^^^^^^^^^^^
  File "C:\Users\admin\OneDrive\Desktop\FC ESPAD SITE\futsal_club_project\venv\Lib\site-packages\django\utils\functional.py", line 57, in __get__
    res = instance.__dict__[self.name] = self.func(instance)
                                         ~~~~~~~~~^^^^^^^^^^
  File "C:\Users\admin\OneDrive\Desktop\FC ESPAD SITE\futsal_club_project\venv\Lib\site-packages\django\template\engine.py", line 116, in template_context_processors
    return tuple(import_string(path) for path in context_processors)
  File "C:\Users\admin\OneDrive\Desktop\FC ESPAD SITE\futsal_club_project\venv\Lib\site-packages\django\template\engine.py", line 116, in <genexpr>
    return tuple(import_string(path) for path in context_processors)
                 ~~~~~~~~~~~~~^^^^^^
  File "C:\Users\admin\OneDrive\Desktop\FC ESPAD SITE\futsal_club_project\venv\Lib\site-packages\django\utils\module_loading.py", line 30, in import_string
    return cached_import(module_path, class_name)
  File "C:\Users\admin\OneDrive\Desktop\FC ESPAD SITE\futsal_club_project\venv\Lib\site-packages\django\utils\module_loading.py", line 15, in cached_import
    module = import_module(module_path)
  File "C:\Users\admin\AppData\Local\Programs\Python\Python313\Lib\importlib\__init__.py", line 88, in import_module
    return _bootstrap._gcd_import(name[level:], package, level)
           ~~~~~~~~~~~~~~~~~~~~~~^^^^^^^^^^^^^^^^^^^^^^^^^^^^^^
  File "<frozen importlib._bootstrap>", line 1387, in _gcd_import
  File "<frozen importlib._bootstrap>", line 1360, in _find_and_load
  File "<frozen importlib._bootstrap>", line 1331, in _find_and_load_unlocked
  File "<frozen importlib._bootstrap>", line 935, in _load_unlocked
  File "<frozen importlib._bootstrap_external>", line 1022, in exec_module
  File "<frozen importlib._bootstrap>", line 488, in _call_with_frames_removed
  File "C:\Users\admin\OneDrive\Desktop\FC ESPAD SITE\futsal_club_project\futsal_club\context_processors.py", line 9, in <module>
    from ..models import Notification
ImportError: attempted relative import beyond top-level package
ERROR 2026-02-19 21:20:47,944 basehttp "GET /auth/login/?next=/dashboard/ HTTP/1.1" 500 166064
ERROR 2026-02-19 21:21:58,762 log Internal Server Error: /admin/login/
Traceback (most recent call last):
  File "C:\Users\admin\OneDrive\Desktop\FC ESPAD SITE\futsal_club_project\venv\Lib\site-packages\django\core\handlers\exception.py", line 55, in inner
    response = get_response(request)
  File "C:\Users\admin\OneDrive\Desktop\FC ESPAD SITE\futsal_club_project\venv\Lib\site-packages\django\core\handlers\base.py", line 220, in _get_response
    response = response.render()
  File "C:\Users\admin\OneDrive\Desktop\FC ESPAD SITE\futsal_club_project\venv\Lib\site-packages\django\template\response.py", line 114, in render
    self.content = self.rendered_content
                   ^^^^^^^^^^^^^^^^^^^^^
  File "C:\Users\admin\OneDrive\Desktop\FC ESPAD SITE\futsal_club_project\venv\Lib\site-packages\django\template\response.py", line 92, in rendered_content
    return template.render(context, self._request)
           ~~~~~~~~~~~~~~~^^^^^^^^^^^^^^^^^^^^^^^^
  File "C:\Users\admin\OneDrive\Desktop\FC ESPAD SITE\futsal_club_project\venv\Lib\site-packages\django\template\backends\django.py", line 61, in render
    return self.template.render(context)
           ~~~~~~~~~~~~~~~~~~~~^^^^^^^^^
  File "C:\Users\admin\OneDrive\Desktop\FC ESPAD SITE\futsal_club_project\venv\Lib\site-packages\django\template\base.py", line 173, in render
    with context.bind_template(self):
         ~~~~~~~~~~~~~~~~~~~~~^^^^^^
  File "C:\Users\admin\AppData\Local\Programs\Python\Python313\Lib\contextlib.py", line 141, in __enter__
    return next(self.gen)
  File "C:\Users\admin\OneDrive\Desktop\FC ESPAD SITE\futsal_club_project\venv\Lib\site-packages\django\template\context.py", line 251, in bind_template
    processors = template.engine.template_context_processors + self._processors
                 ^^^^^^^^^^^^^^^^^^^^^^^^^^^^^^^^^^^^^^^^^^^
  File "C:\Users\admin\OneDrive\Desktop\FC ESPAD SITE\futsal_club_project\venv\Lib\site-packages\django\utils\functional.py", line 57, in __get__
    res = instance.__dict__[self.name] = self.func(instance)
                                         ~~~~~~~~~^^^^^^^^^^
  File "C:\Users\admin\OneDrive\Desktop\FC ESPAD SITE\futsal_club_project\venv\Lib\site-packages\django\template\engine.py", line 116, in template_context_processors
    return tuple(import_string(path) for path in context_processors)
  File "C:\Users\admin\OneDrive\Desktop\FC ESPAD SITE\futsal_club_project\venv\Lib\site-packages\django\template\engine.py", line 116, in <genexpr>
    return tuple(import_string(path) for path in context_processors)
                 ~~~~~~~~~~~~~^^^^^^
  File "C:\Users\admin\OneDrive\Desktop\FC ESPAD SITE\futsal_club_project\venv\Lib\site-packages\django\utils\module_loading.py", line 30, in import_string
    return cached_import(module_path, class_name)
  File "C:\Users\admin\OneDrive\Desktop\FC ESPAD SITE\futsal_club_project\venv\Lib\site-packages\django\utils\module_loading.py", line 15, in cached_import
    module = import_module(module_path)
  File "C:\Users\admin\AppData\Local\Programs\Python\Python313\Lib\importlib\__init__.py", line 88, in import_module
    return _bootstrap._gcd_import(name[level:], package, level)
           ~~~~~~~~~~~~~~~~~~~~~~^^^^^^^^^^^^^^^^^^^^^^^^^^^^^^
  File "<frozen importlib._bootstrap>", line 1387, in _gcd_import
  File "<frozen importlib._bootstrap>", line 1360, in _find_and_load
  File "<frozen importlib._bootstrap>", line 1331, in _find_and_load_unlocked
  File "<frozen importlib._bootstrap>", line 935, in _load_unlocked
  File "<frozen importlib._bootstrap_external>", line 1022, in exec_module
  File "<frozen importlib._bootstrap>", line 488, in _call_with_frames_removed
  File "C:\Users\admin\OneDrive\Desktop\FC ESPAD SITE\futsal_club_project\futsal_club\context_processors.py", line 9, in <module>
    from ..models import Notification
ImportError: attempted relative import beyond top-level package
ERROR 2026-02-19 21:21:58,765 basehttp "GET /admin/login/?next=/admin/ HTTP/1.1" 500 154664
WARNING 2026-02-19 21:23:14,385 log Not Found: /
WARNING 2026-02-19 21:23:14,386 basehttp "GET / HTTP/1.1" 404 3792
ERROR 2026-02-19 21:23:17,999 log Internal Server Error: /auth/login/
Traceback (most recent call last):
  File "C:\Users\admin\OneDrive\Desktop\FC ESPAD SITE\futsal_club_project\venv\Lib\site-packages\django\core\handlers\exception.py", line 55, in inner
    response = get_response(request)
  File "C:\Users\admin\OneDrive\Desktop\FC ESPAD SITE\futsal_club_project\venv\Lib\site-packages\django\core\handlers\base.py", line 197, in _get_response
    response = wrapped_callback(request, *callback_args, **callback_kwargs)
  File "C:\Users\admin\OneDrive\Desktop\FC ESPAD SITE\futsal_club_project\venv\Lib\site-packages\django\views\generic\base.py", line 104, in view
    return self.dispatch(request, *args, **kwargs)
           ~~~~~~~~~~~~~^^^^^^^^^^^^^^^^^^^^^^^^^^
  File "C:\Users\admin\OneDrive\Desktop\FC ESPAD SITE\futsal_club_project\venv\Lib\site-packages\django\views\generic\base.py", line 143, in dispatch
    return handler(request, *args, **kwargs)
  File "C:\Users\admin\OneDrive\Desktop\FC ESPAD SITE\futsal_club_project\futsal_club\views\auth_views.py", line 24, in get
    return render(request, self.template_name, {"next": request.GET.get("next", "")})
  File "C:\Users\admin\OneDrive\Desktop\FC ESPAD SITE\futsal_club_project\venv\Lib\site-packages\django\shortcuts.py", line 24, in render
    content = loader.render_to_string(template_name, context, request, using=using)
  File "C:\Users\admin\OneDrive\Desktop\FC ESPAD SITE\futsal_club_project\venv\Lib\site-packages\django\template\loader.py", line 62, in render_to_string
    return template.render(context, request)
           ~~~~~~~~~~~~~~~^^^^^^^^^^^^^^^^^^
  File "C:\Users\admin\OneDrive\Desktop\FC ESPAD SITE\futsal_club_project\venv\Lib\site-packages\django\template\backends\django.py", line 61, in render
    return self.template.render(context)
           ~~~~~~~~~~~~~~~~~~~~^^^^^^^^^
  File "C:\Users\admin\OneDrive\Desktop\FC ESPAD SITE\futsal_club_project\venv\Lib\site-packages\django\template\base.py", line 173, in render
    with context.bind_template(self):
         ~~~~~~~~~~~~~~~~~~~~~^^^^^^
  File "C:\Users\admin\AppData\Local\Programs\Python\Python313\Lib\contextlib.py", line 141, in __enter__
    return next(self.gen)
  File "C:\Users\admin\OneDrive\Desktop\FC ESPAD SITE\futsal_club_project\venv\Lib\site-packages\django\template\context.py", line 251, in bind_template
    processors = template.engine.template_context_processors + self._processors
                 ^^^^^^^^^^^^^^^^^^^^^^^^^^^^^^^^^^^^^^^^^^^
  File "C:\Users\admin\OneDrive\Desktop\FC ESPAD SITE\futsal_club_project\venv\Lib\site-packages\django\utils\functional.py", line 57, in __get__
    res = instance.__dict__[self.name] = self.func(instance)
                                         ~~~~~~~~~^^^^^^^^^^
  File "C:\Users\admin\OneDrive\Desktop\FC ESPAD SITE\futsal_club_project\venv\Lib\site-packages\django\template\engine.py", line 116, in template_context_processors
    return tuple(import_string(path) for path in context_processors)
  File "C:\Users\admin\OneDrive\Desktop\FC ESPAD SITE\futsal_club_project\venv\Lib\site-packages\django\template\engine.py", line 116, in <genexpr>
    return tuple(import_string(path) for path in context_processors)
                 ~~~~~~~~~~~~~^^^^^^
  File "C:\Users\admin\OneDrive\Desktop\FC ESPAD SITE\futsal_club_project\venv\Lib\site-packages\django\utils\module_loading.py", line 30, in import_string
    return cached_import(module_path, class_name)
  File "C:\Users\admin\OneDrive\Desktop\FC ESPAD SITE\futsal_club_project\venv\Lib\site-packages\django\utils\module_loading.py", line 15, in cached_import
    module = import_module(module_path)
  File "C:\Users\admin\AppData\Local\Programs\Python\Python313\Lib\importlib\__init__.py", line 88, in import_module
    return _bootstrap._gcd_import(name[level:], package, level)
           ~~~~~~~~~~~~~~~~~~~~~~^^^^^^^^^^^^^^^^^^^^^^^^^^^^^^
  File "<frozen importlib._bootstrap>", line 1387, in _gcd_import
  File "<frozen importlib._bootstrap>", line 1360, in _find_and_load
  File "<frozen importlib._bootstrap>", line 1331, in _find_and_load_unlocked
  File "<frozen importlib._bootstrap>", line 935, in _load_unlocked
  File "<frozen importlib._bootstrap_external>", line 1022, in exec_module
  File "<frozen importlib._bootstrap>", line 488, in _call_with_frames_removed
  File "C:\Users\admin\OneDrive\Desktop\FC ESPAD SITE\futsal_club_project\futsal_club\context_processors.py", line 9, in <module>
    from ..models import Notification
ImportError: attempted relative import beyond top-level package
ERROR 2026-02-19 21:23:18,006 basehttp "GET /auth/login/?next=/dashboard/ HTTP/1.1" 500 166064
WARNING 2026-02-19 21:26:16,388 log Not Found: /
WARNING 2026-02-19 21:26:16,388 basehttp "GET / HTTP/1.1" 404 3792
WARNING 2026-02-19 21:23:07,955 log Not Found: /
WARNING 2026-02-19 21:23:07,957 basehttp "GET / HTTP/1.1" 404 3792
WARNING 2026-02-19 21:23:08,098 log Not Found: /favicon.ico
WARNING 2026-02-19 21:23:08,099 basehttp "GET /favicon.ico HTTP/1.1" 404 3843
ERROR 2026-02-19 21:23:23,973 log Internal Server Error: /admin/login/
Traceback (most recent call last):
  File "C:\Users\admin\OneDrive\Desktop\FC_ESPAD_SITE\futsal_club_project\venv\Lib\site-packages\django\core\handlers\exception.py", line 55, in inner
    response = get_response(request)
  File "C:\Users\admin\OneDrive\Desktop\FC_ESPAD_SITE\futsal_club_project\venv\Lib\site-packages\django\core\handlers\base.py", line 220, in _get_response
    response = response.render()
  File "C:\Users\admin\OneDrive\Desktop\FC_ESPAD_SITE\futsal_club_project\venv\Lib\site-packages\django\template\response.py", line 114, in render
    self.content = self.rendered_content
                   ^^^^^^^^^^^^^^^^^^^^^
  File "C:\Users\admin\OneDrive\Desktop\FC_ESPAD_SITE\futsal_club_project\venv\Lib\site-packages\django\template\response.py", line 92, in rendered_content
    return template.render(context, self._request)
           ~~~~~~~~~~~~~~~^^^^^^^^^^^^^^^^^^^^^^^^
  File "C:\Users\admin\OneDrive\Desktop\FC_ESPAD_SITE\futsal_club_project\venv\Lib\site-packages\django\template\backends\django.py", line 61, in render
    return self.template.render(context)
           ~~~~~~~~~~~~~~~~~~~~^^^^^^^^^
  File "C:\Users\admin\OneDrive\Desktop\FC_ESPAD_SITE\futsal_club_project\venv\Lib\site-packages\django\template\base.py", line 173, in render
    with context.bind_template(self):
         ~~~~~~~~~~~~~~~~~~~~~^^^^^^
  File "C:\Users\admin\AppData\Local\Programs\Python\Python313\Lib\contextlib.py", line 141, in __enter__
    return next(self.gen)
  File "C:\Users\admin\OneDrive\Desktop\FC_ESPAD_SITE\futsal_club_project\venv\Lib\site-packages\django\template\context.py", line 251, in bind_template
    processors = template.engine.template_context_processors + self._processors
                 ^^^^^^^^^^^^^^^^^^^^^^^^^^^^^^^^^^^^^^^^^^^
  File "C:\Users\admin\OneDrive\Desktop\FC_ESPAD_SITE\futsal_club_project\venv\Lib\site-packages\django\utils\functional.py", line 57, in __get__
    res = instance.__dict__[self.name] = self.func(instance)
                                         ~~~~~~~~~^^^^^^^^^^
  File "C:\Users\admin\OneDrive\Desktop\FC_ESPAD_SITE\futsal_club_project\venv\Lib\site-packages\django\template\engine.py", line 116, in template_context_processors
    return tuple(import_string(path) for path in context_processors)
  File "C:\Users\admin\OneDrive\Desktop\FC_ESPAD_SITE\futsal_club_project\venv\Lib\site-packages\django\template\engine.py", line 116, in <genexpr>
    return tuple(import_string(path) for path in context_processors)
                 ~~~~~~~~~~~~~^^^^^^
  File "C:\Users\admin\OneDrive\Desktop\FC_ESPAD_SITE\futsal_club_project\venv\Lib\site-packages\django\utils\module_loading.py", line 30, in import_string
    return cached_import(module_path, class_name)
  File "C:\Users\admin\OneDrive\Desktop\FC_ESPAD_SITE\futsal_club_project\venv\Lib\site-packages\django\utils\module_loading.py", line 15, in cached_import
    module = import_module(module_path)
  File "C:\Users\admin\AppData\Local\Programs\Python\Python313\Lib\importlib\__init__.py", line 88, in import_module
    return _bootstrap._gcd_import(name[level:], package, level)
           ~~~~~~~~~~~~~~~~~~~~~~^^^^^^^^^^^^^^^^^^^^^^^^^^^^^^
  File "<frozen importlib._bootstrap>", line 1387, in _gcd_import
  File "<frozen importlib._bootstrap>", line 1360, in _find_and_load
  File "<frozen importlib._bootstrap>", line 1331, in _find_and_load_unlocked
  File "<frozen importlib._bootstrap>", line 935, in _load_unlocked
  File "<frozen importlib._bootstrap_external>", line 1022, in exec_module
  File "<frozen importlib._bootstrap>", line 488, in _call_with_frames_removed
  File "C:\Users\admin\OneDrive\Desktop\FC_ESPAD_SITE\futsal_club_project\futsal_club\context_processors.py", line 9, in <module>
    from ..models import Notification
ImportError: attempted relative import beyond top-level package
ERROR 2026-02-19 21:23:23,978 basehttp "GET /admin/login/?next=/admin/ HTTP/1.1" 500 154576
